This file contains any messages produced by compilers while
running configure, to aid debugging if configure makes a mistake.

It was created by sinsy configure 0.90, which was
generated by GNU Autoconf 2.63.  Invocation command line was

  $ ./configure 

## --------- ##
## Platform. ##
## --------- ##

hostname = linux-h1wy.site
uname -m = x86_64
uname -r = 3.16.3-1.gd2bbe7f-desktop
uname -s = Linux
uname -v = #1 SMP PREEMPT Thu Sep 18 06:32:16 UTC 2014 (d2bbe7f)

/usr/bin/uname -p = x86_64
/bin/uname -X     = unknown

/bin/arch              = x86_64
/usr/bin/arch -k       = unknown
/usr/convex/getsysinfo = unknown
/usr/bin/hostinfo      = unknown
/bin/machine           = unknown
/usr/bin/oslevel       = unknown
/bin/universe          = unknown

PATH: /home/thomas/bin
PATH: /usr/local/bin
PATH: /usr/bin
PATH: /bin
PATH: /usr/bin/X11
PATH: /usr/games
PATH: /usr/lib/mit/bin
PATH: /usr/lib/mit/sbin


## ----------- ##
## Core tests. ##
## ----------- ##

configure:1746: loading site script /usr/share/site/x86_64-unknown-linux-gnu
| #!/bin/sh
| # Site script for configure. It is resourced via $CONFIG_SITE environment varaible.
| 
| # If user did not specify libdir, guess the correct target:
| # Use lib64 for 64 bit bi-arch targets, keep the default for the rest.
| if test "$libdir" = '${exec_prefix}/lib' ; then
| 
| 	ac_config_site_64bit_host=NONE
| 
| 	case "$host" in
| 	"" )
| 		# User did not specify host target.
| 		# The native platform x86_64 is a bi-arch platform.
| 		# Try to detect cross-compilation to inferior architecture.
| 
| 		# We are trying to guess 32-bit target compilation. It's not as easy as
| 		# it sounds, as there is possible several intermediate combinations.
| 		ac_config_site_cross_to_32bit_host=NONE
| 
| 		# User defined -m32 in CFLAGS or CXXFLAGS:
| 		# (It's sufficient for 32-bit, but alone may cause mis-behavior of some checks.)
| 		case "$CFLAGS" in
| 		*-m32*)
| 			ac_config_site_cross_to_32bit_host=YES
| 			;;
| 		esac
| 		case "$CXXFLAGS" in
| 		*-m32*)
| 			ac_config_site_cross_to_32bit_host=YES
| 			;;
| 		esac
| 
| 		# Running with linux32:
| 		# (Changes detected platform, but not the toolchain target.)
| 		case "`/bin/uname -i`" in
| 		x86_64 | ppc64 | s390x )
| 			;;
| 		* )
| 			ac_config_site_cross_to_32bit_host=YES
| 			;;
| 		esac
| 
| 		if test "x$ac_config_site_cross_to_32bit_host" = xNONE; then
| 			ac_config_site_64bit_host=YES
| 		fi
| 
| 		;;
| 	*x86_64* | *ppc64* | *s390x* )
| 		ac_config_site_64bit_host=YES
| 		;;
| 	esac
| 
| 	if test "x$ac_config_site_64bit_host" = xYES; then
| 		libdir='${exec_prefix}/lib64'
| 	fi
| fi
| 
| # If user did not specify libexecdir, set the correct target:
| # Nor FHS nor openSUSE allow prefix/libexec. Let's default to prefix/lib.
| 
| if test "$libexecdir" = '${exec_prefix}/libexec' ; then
| 	libexecdir='${exec_prefix}/lib'
| fi
| 
| # Continue with the standard behavior of configure defined in AC_SITE_LOAD:
| if test "x$prefix" != xNONE; then
| 	ac_site_file1=$prefix/share/config.site
| 	ac_site_file2=$prefix/etc/config.site
| else
| 	ac_site_file1=$ac_default_prefix/share/config.site
| 	ac_site_file2=$ac_default_prefix/etc/config.site
| fi
| for ac_site_file in "$ac_site_file1" "$ac_site_file2"
| do
| 	test "x$ac_site_file" = xNONE && continue
| 	if test /dev/null != "$ac_site_file" && test -r "$ac_site_file"; then
| 		{ $as_echo "/usr/share/site/x86_64-unknown-linux-gnu:${as_lineno-$LINENO}: loading site script $ac_site_file" >&5
| $as_echo "/usr/share/site/x86_64-unknown-linux-gnu: loading site script $ac_site_file" >&6;}
| 		sed 's/^/| /' "$ac_site_file" >&5
| 		. "$ac_site_file" \
| 			|| { { $as_echo "/usr/share/site/x86_64-unknown-linux-gnu:${as_lineno-$LINENO}: error: in \`$ac_pwd':" >&5
| $as_echo "/usr/share/site/x86_64-unknown-linux-gnu: error: in \`$ac_pwd':" >&2;}
| as_fn_error $? "failed to load site script $ac_site_file
| See \`config.log' for more details" "$LINENO" 5; }
| 	fi
| done
configure:1909: checking for a BSD-compatible install
configure:1977: result: /usr/bin/install -c
configure:1988: checking whether build environment is sane
configure:2031: result: yes
configure:2056: checking for a thread-safe mkdir -p
configure:2095: result: /usr/bin/mkdir -p
configure:2108: checking for gawk
configure:2124: found /usr/bin/gawk
configure:2135: result: gawk
configure:2146: checking whether make sets $(MAKE)
configure:2168: result: yes
configure:2403: checking for g++
configure:2419: found /usr/bin/g++
configure:2430: result: g++
configure:2457: checking for C++ compiler version
configure:2465: g++ --version >&5
g++ (SUSE Linux) 4.8.3 20140627 [gcc-4_8-branch revision 212064]
Copyright (C) 2013 Free Software Foundation, Inc.
This is free software; see the source for copying conditions.  There is NO
warranty; not even for MERCHANTABILITY or FITNESS FOR A PARTICULAR PURPOSE.

configure:2469: $? = 0
configure:2476: g++ -v >&5
Using built-in specs.
COLLECT_GCC=g++
COLLECT_LTO_WRAPPER=/usr/lib64/gcc/x86_64-suse-linux/4.8/lto-wrapper
Target: x86_64-suse-linux
Configured with: ../configure --prefix=/usr --infodir=/usr/share/info --mandir=/usr/share/man --libdir=/usr/lib64 --libexecdir=/usr/lib64 --enable-languages=c,c++,objc,fortran,obj-c++,java,ada --enable-checking=release --with-gxx-include-dir=/usr/include/c++/4.8 --enable-ssp --disable-libssp --disable-plugin --with-bugurl=http://bugs.opensuse.org/ --with-pkgversion='SUSE Linux' --disable-libgcj --disable-libmudflap --with-slibdir=/lib64 --with-system-zlib --enable-__cxa_atexit --enable-libstdcxx-allocator=new --disable-libstdcxx-pch --enable-version-specific-runtime-libs --enable-linker-build-id --enable-linux-futex --program-suffix=-4.8 --without-system-libunwind --with-arch-32=i586 --with-tune=generic --build=x86_64-suse-linux --host=x86_64-suse-linux
Thread model: posix
gcc version 4.8.3 20140627 [gcc-4_8-branch revision 212064] (SUSE Linux) 
configure:2480: $? = 0
configure:2487: g++ -V >&5
g++: error: unrecognized command line option '-V'
g++: fatal error: no input files
compilation terminated.
configure:2491: $? = 1
configure:2514: checking for C++ compiler default output file name
configure:2536: g++    conftest.cpp  >&5
configure:2540: $? = 0
configure:2578: result: a.out
configure:2597: checking whether the C++ compiler works
configure:2607: ./a.out
configure:2611: $? = 0
configure:2630: result: yes
configure:2637: checking whether we are cross compiling
configure:2639: result: no
configure:2642: checking for suffix of executables
configure:2649: g++ -o conftest    conftest.cpp  >&5
configure:2653: $? = 0
configure:2679: result: 
configure:2685: checking for suffix of object files
configure:2711: g++ -c   conftest.cpp >&5
configure:2715: $? = 0
configure:2740: result: o
configure:2744: checking whether we are using the GNU C++ compiler
configure:2773: g++ -c   conftest.cpp >&5
configure:2780: $? = 0
configure:2797: result: yes
configure:2806: checking whether g++ accepts -g
configure:2836: g++ -c -g  conftest.cpp >&5
configure:2843: $? = 0
configure:2944: result: yes
configure:2978: checking for style of include used by make
configure:3006: result: GNU
configure:3031: checking dependency style of g++
configure:3122: result: gcc3
configure:3185: checking for gcc
configure:3201: found /usr/bin/gcc
configure:3212: result: gcc
configure:3444: checking for C compiler version
configure:3452: gcc --version >&5
gcc (SUSE Linux) 4.8.3 20140627 [gcc-4_8-branch revision 212064]
Copyright (C) 2013 Free Software Foundation, Inc.
This is free software; see the source for copying conditions.  There is NO
warranty; not even for MERCHANTABILITY or FITNESS FOR A PARTICULAR PURPOSE.

configure:3456: $? = 0
configure:3463: gcc -v >&5
Using built-in specs.
COLLECT_GCC=gcc
COLLECT_LTO_WRAPPER=/usr/lib64/gcc/x86_64-suse-linux/4.8/lto-wrapper
Target: x86_64-suse-linux
Configured with: ../configure --prefix=/usr --infodir=/usr/share/info --mandir=/usr/share/man --libdir=/usr/lib64 --libexecdir=/usr/lib64 --enable-languages=c,c++,objc,fortran,obj-c++,java,ada --enable-checking=release --with-gxx-include-dir=/usr/include/c++/4.8 --enable-ssp --disable-libssp --disable-plugin --with-bugurl=http://bugs.opensuse.org/ --with-pkgversion='SUSE Linux' --disable-libgcj --disable-libmudflap --with-slibdir=/lib64 --with-system-zlib --enable-__cxa_atexit --enable-libstdcxx-allocator=new --disable-libstdcxx-pch --enable-version-specific-runtime-libs --enable-linker-build-id --enable-linux-futex --program-suffix=-4.8 --without-system-libunwind --with-arch-32=i586 --with-tune=generic --build=x86_64-suse-linux --host=x86_64-suse-linux
Thread model: posix
gcc version 4.8.3 20140627 [gcc-4_8-branch revision 212064] (SUSE Linux) 
configure:3467: $? = 0
configure:3474: gcc -V >&5
gcc: error: unrecognized command line option '-V'
gcc: fatal error: no input files
compilation terminated.
configure:3478: $? = 1
configure:3481: checking whether we are using the GNU C compiler
configure:3510: gcc -c   conftest.c >&5
configure:3517: $? = 0
configure:3534: result: yes
configure:3543: checking whether gcc accepts -g
configure:3573: gcc -c -g  conftest.c >&5
configure:3580: $? = 0
configure:3681: result: yes
configure:3698: checking for gcc option to accept ISO C89
configure:3772: gcc  -c -g -O2  conftest.c >&5
configure:3779: $? = 0
configure:3802: result: none needed
configure:3822: checking dependency style of gcc
configure:3913: result: gcc3
configure:3929: checking whether gcc and cc understand -c and -o together
configure:3964: gcc -c conftest.c -o conftest2.o >&5
configure:3968: $? = 0
configure:3974: gcc -c conftest.c -o conftest2.o >&5
configure:3978: $? = 0
configure:3989: cc -c conftest.c >&5
configure:3993: $? = 0
configure:4001: cc -c conftest.c -o conftest2.o >&5
configure:4005: $? = 0
configure:4011: cc -c conftest.c -o conftest2.o >&5
configure:4015: $? = 0
configure:4033: result: yes
configure:4074: checking for a BSD-compatible install
configure:4142: result: /usr/bin/install -c
configure:4196: checking for ranlib
configure:4212: found /usr/bin/ranlib
configure:4223: result: ranlib
configure:4291: checking for ar
configure:4307: found /usr/bin/ar
configure:4318: result: ar
configure:4344: checking for log in -lm
configure:4379: gcc -o conftest -g -O2   conftest.c -lm   >&5
conftest.c:15:6: warning: conflicting types for built-in function 'log' [enabled by default]
 char log ();
      ^
configure:4386: $? = 0
configure:4407: result: yes
configure:4426: checking how to run the C preprocessor
configure:4466: gcc -E  conftest.c
configure:4473: $? = 0
configure:4504: gcc -E  conftest.c
conftest.c:9:28: fatal error: ac_nonexistent.h: No such file or directory
 #include <ac_nonexistent.h>
                            ^
compilation terminated.
configure:4511: $? = 1
configure: failed program was:
| /* confdefs.h.  */
| #define PACKAGE_NAME "sinsy"
| #define PACKAGE_TARNAME "sinsy"
| #define PACKAGE_VERSION "0.90"
| #define PACKAGE_STRING "sinsy 0.90"
| #define PACKAGE_BUGREPORT ""
| #define HAVE_LIBM 1
| /* end confdefs.h.  */
| #include <ac_nonexistent.h>
configure:4544: result: gcc -E
configure:4573: gcc -E  conftest.c
configure:4580: $? = 0
configure:4611: gcc -E  conftest.c
conftest.c:9:28: fatal error: ac_nonexistent.h: No such file or directory
 #include <ac_nonexistent.h>
                            ^
compilation terminated.
configure:4618: $? = 1
configure: failed program was:
| /* confdefs.h.  */
| #define PACKAGE_NAME "sinsy"
| #define PACKAGE_TARNAME "sinsy"
| #define PACKAGE_VERSION "0.90"
| #define PACKAGE_STRING "sinsy 0.90"
| #define PACKAGE_BUGREPORT ""
| #define HAVE_LIBM 1
| /* end confdefs.h.  */
| #include <ac_nonexistent.h>
configure:4658: checking for grep that handles long lines and -e
configure:4718: result: /usr/bin/grep
configure:4723: checking for egrep
configure:4787: result: /usr/bin/grep -E
configure:4792: checking for ANSI C header files
configure:4822: gcc -c -g -O2  conftest.c >&5
configure:4829: $? = 0
configure:4928: gcc -o conftest -g -O2   conftest.c -lm  >&5
configure:4932: $? = 0
configure:4938: ./conftest
configure:4942: $? = 0
configure:4960: result: yes
configure:4984: checking for sys/types.h
configure:5005: gcc -c -g -O2  conftest.c >&5
configure:5012: $? = 0
configure:5029: result: yes
configure:4984: checking for sys/stat.h
configure:5005: gcc -c -g -O2  conftest.c >&5
configure:5012: $? = 0
configure:5029: result: yes
configure:4984: checking for stdlib.h
configure:5005: gcc -c -g -O2  conftest.c >&5
configure:5012: $? = 0
configure:5029: result: yes
configure:4984: checking for string.h
configure:5005: gcc -c -g -O2  conftest.c >&5
configure:5012: $? = 0
configure:5029: result: yes
configure:4984: checking for memory.h
configure:5005: gcc -c -g -O2  conftest.c >&5
configure:5012: $? = 0
configure:5029: result: yes
configure:4984: checking for strings.h
configure:5005: gcc -c -g -O2  conftest.c >&5
configure:5012: $? = 0
configure:5029: result: yes
configure:4984: checking for inttypes.h
configure:5005: gcc -c -g -O2  conftest.c >&5
configure:5012: $? = 0
configure:5029: result: yes
configure:4984: checking for stdint.h
configure:5005: gcc -c -g -O2  conftest.c >&5
configure:5012: $? = 0
configure:5029: result: yes
configure:4984: checking for unistd.h
configure:5005: gcc -c -g -O2  conftest.c >&5
configure:5012: $? = 0
configure:5029: result: yes
configure:5049: checking for stdlib.h
configure:5056: result: yes
configure:5049: checking for string.h
configure:5056: result: yes
configure:5193: checking for an ANSI C-conforming const
configure:5268: gcc -c -g -O2  conftest.c >&5
configure:5275: $? = 0
configure:5290: result: yes
configure:5300: checking for size_t
configure:5328: gcc -c -g -O2  conftest.c >&5
configure:5335: $? = 0
configure:5362: gcc -c -g -O2  conftest.c >&5
conftest.c: In function 'main':
conftest.c:57:21: error: expected expression before ')' token
 if (sizeof ((size_t)))
                     ^
configure:5369: $? = 1
configure: failed program was:
| /* confdefs.h.  */
| #define PACKAGE_NAME "sinsy"
| #define PACKAGE_TARNAME "sinsy"
| #define PACKAGE_VERSION "0.90"
| #define PACKAGE_STRING "sinsy 0.90"
| #define PACKAGE_BUGREPORT ""
| #define HAVE_LIBM 1
| #define STDC_HEADERS 1
| #define HAVE_SYS_TYPES_H 1
| #define HAVE_SYS_STAT_H 1
| #define HAVE_STDLIB_H 1
| #define HAVE_STRING_H 1
| #define HAVE_MEMORY_H 1
| #define HAVE_STRINGS_H 1
| #define HAVE_INTTYPES_H 1
| #define HAVE_STDINT_H 1
| #define HAVE_UNISTD_H 1
| #define HAVE_STDLIB_H 1
| #define HAVE_STRING_H 1
| /* end confdefs.h.  */
| #include <stdio.h>
| #ifdef HAVE_SYS_TYPES_H
| # include <sys/types.h>
| #endif
| #ifdef HAVE_SYS_STAT_H
| # include <sys/stat.h>
| #endif
| #ifdef STDC_HEADERS
| # include <stdlib.h>
| # include <stddef.h>
| #else
| # ifdef HAVE_STDLIB_H
| #  include <stdlib.h>
| # endif
| #endif
| #ifdef HAVE_STRING_H
| # if !defined STDC_HEADERS && defined HAVE_MEMORY_H
| #  include <memory.h>
| # endif
| # include <string.h>
| #endif
| #ifdef HAVE_STRINGS_H
| # include <strings.h>
| #endif
| #ifdef HAVE_INTTYPES_H
| # include <inttypes.h>
| #endif
| #ifdef HAVE_STDINT_H
| # include <stdint.h>
| #endif
| #ifdef HAVE_UNISTD_H
| # include <unistd.h>
| #endif
| int
| main ()
| {
| if (sizeof ((size_t)))
| 	  return 0;
|   ;
|   return 0;
| }
configure:5392: result: yes
configure:5408: checking size of char
configure:5713: gcc -o conftest -g -O2   conftest.c -lm  >&5
configure:5717: $? = 0
configure:5723: ./conftest
configure:5727: $? = 0
configure:5753: result: 1
configure:5767: checking size of unsigned char
configure:6072: gcc -o conftest -g -O2   conftest.c -lm  >&5
configure:6076: $? = 0
configure:6082: ./conftest
configure:6086: $? = 0
configure:6112: result: 1
configure:6126: checking size of short
configure:6431: gcc -o conftest -g -O2   conftest.c -lm  >&5
configure:6435: $? = 0
configure:6441: ./conftest
configure:6445: $? = 0
configure:6471: result: 2
configure:6485: checking size of unsigned short
configure:6790: gcc -o conftest -g -O2   conftest.c -lm  >&5
configure:6794: $? = 0
configure:6800: ./conftest
configure:6804: $? = 0
configure:6830: result: 2
configure:6844: checking size of int
configure:7149: gcc -o conftest -g -O2   conftest.c -lm  >&5
configure:7153: $? = 0
configure:7159: ./conftest
configure:7163: $? = 0
configure:7189: result: 4
configure:7203: checking size of unsigned int
configure:7508: gcc -o conftest -g -O2   conftest.c -lm  >&5
configure:7512: $? = 0
configure:7518: ./conftest
configure:7522: $? = 0
configure:7548: result: 4
configure:7562: checking size of long
configure:7867: gcc -o conftest -g -O2   conftest.c -lm  >&5
configure:7871: $? = 0
configure:7877: ./conftest
configure:7881: $? = 0
configure:7907: result: 8
configure:7921: checking size of unsigned long
configure:8226: gcc -o conftest -g -O2   conftest.c -lm  >&5
configure:8230: $? = 0
configure:8236: ./conftest
configure:8240: $? = 0
configure:8266: result: 8
configure:8280: checking size of long long
configure:8585: gcc -o conftest -g -O2   conftest.c -lm  >&5
configure:8589: $? = 0
configure:8595: ./conftest
configure:8599: $? = 0
configure:8625: result: 8
configure:8639: checking size of unsigned long long
configure:8944: gcc -o conftest -g -O2   conftest.c -lm  >&5
configure:8948: $? = 0
configure:8954: ./conftest
configure:8958: $? = 0
configure:8984: result: 8
configure:9000: checking for vprintf
configure:9056: gcc -o conftest -g -O2   conftest.c -lm  >&5
conftest.c:54:6: warning: conflicting types for built-in function 'vprintf' [enabled by default]
 char vprintf ();
      ^
configure:9063: $? = 0
configure:9085: result: yes
configure:9094: checking for _doprnt
configure:9150: gcc -o conftest -g -O2   conftest.c -lm  >&5
/tmp/cckmpEPe.o: In function `main':
/home/thomas/src/sinsy-code-0/src/conftest.c:66: undefined reference to `_doprnt'
collect2: error: ld returned 1 exit status
configure:9157: $? = 1
configure: failed program was:
| /* confdefs.h.  */
| #define PACKAGE_NAME "sinsy"
| #define PACKAGE_TARNAME "sinsy"
| #define PACKAGE_VERSION "0.90"
| #define PACKAGE_STRING "sinsy 0.90"
| #define PACKAGE_BUGREPORT ""
| #define HAVE_LIBM 1
| #define STDC_HEADERS 1
| #define HAVE_SYS_TYPES_H 1
| #define HAVE_SYS_STAT_H 1
| #define HAVE_STDLIB_H 1
| #define HAVE_STRING_H 1
| #define HAVE_MEMORY_H 1
| #define HAVE_STRINGS_H 1
| #define HAVE_INTTYPES_H 1
| #define HAVE_STDINT_H 1
| #define HAVE_UNISTD_H 1
| #define HAVE_STDLIB_H 1
| #define HAVE_STRING_H 1
| #define SIZEOF_CHAR 1
| #define SIZEOF_UNSIGNED_CHAR 1
| #define SIZEOF_SHORT 2
| #define SIZEOF_UNSIGNED_SHORT 2
| #define SIZEOF_INT 4
| #define SIZEOF_UNSIGNED_INT 4
| #define SIZEOF_LONG 8
| #define SIZEOF_UNSIGNED_LONG 8
| #define SIZEOF_LONG_LONG 8
| #define SIZEOF_UNSIGNED_LONG_LONG 8
| #define HAVE_VPRINTF 1
| /* end confdefs.h.  */
| /* Define _doprnt to an innocuous variant, in case <limits.h> declares _doprnt.
|    For example, HP-UX 11i <limits.h> declares gettimeofday.  */
| #define _doprnt innocuous__doprnt
| 
| /* System header to define __stub macros and hopefully few prototypes,
|     which can conflict with char _doprnt (); below.
|     Prefer <limits.h> to <assert.h> if __STDC__ is defined, since
|     <limits.h> exists even on freestanding compilers.  */
| 
| #ifdef __STDC__
| # include <limits.h>
| #else
| # include <assert.h>
| #endif
| 
| #undef _doprnt
| 
| /* Override any GCC internal prototype to avoid an error.
|    Use char because int might match the return type of a GCC
|    builtin and then its argument prototype would still apply.  */
| #ifdef __cplusplus
| extern "C"
| #endif
| char _doprnt ();
| /* The GNU C library defines this for functions which it implements
|     to always fail with ENOSYS.  Some functions are actually named
|     something starting with __ and the normal name is an alias.  */
| #if defined __stub__doprnt || defined __stub____doprnt
| choke me
| #endif
| 
| int
| main ()
| {
| return _doprnt ();
|   ;
|   return 0;
| }
configure:9177: result: no
configure:9198: checking for sqrt
configure:9254: gcc -o conftest -g -O2   conftest.c -lm  >&5
conftest.c:55:6: warning: conflicting types for built-in function 'sqrt' [enabled by default]
 char sqrt ();
      ^
configure:9261: $? = 0
configure:9283: result: yes
configure:9198: checking for strchr
configure:9254: gcc -o conftest -g -O2   conftest.c -lm  >&5
conftest.c:56:6: warning: conflicting types for built-in function 'strchr' [enabled by default]
 char strchr ();
      ^
configure:9261: $? = 0
configure:9283: result: yes
configure:9198: checking for strrchr
configure:9254: gcc -o conftest -g -O2   conftest.c -lm  >&5
conftest.c:57:6: warning: conflicting types for built-in function 'strrchr' [enabled by default]
 char strrchr ();
      ^
configure:9261: $? = 0
configure:9283: result: yes
configure:9198: checking for strstr
configure:9254: gcc -o conftest -g -O2   conftest.c -lm  >&5
conftest.c:58:6: warning: conflicting types for built-in function 'strstr' [enabled by default]
 char strstr ();
      ^
configure:9261: $? = 0
configure:9283: result: yes
configure:9302: checking build system type
configure:9320: result: x86_64-unknown-linux-gnu
configure:9342: checking host system type
configure:9357: result: x86_64-unknown-linux-gnu
configure:9380: checking whether byte ordering is bigendian
configure:9405: gcc -c -g -O2  conftest.c >&5
conftest.c:37:9: error: unknown type name 'not'
         not a universal capable compiler
         ^
conftest.c:37:15: error: expected '=', ',', ';', 'asm' or '__attribute__' before 'universal'
         not a universal capable compiler
               ^
conftest.c:37:15: error: unknown type name 'universal'
configure:9412: $? = 1
configure: failed program was:
| /* confdefs.h.  */
| #define PACKAGE_NAME "sinsy"
| #define PACKAGE_TARNAME "sinsy"
| #define PACKAGE_VERSION "0.90"
| #define PACKAGE_STRING "sinsy 0.90"
| #define PACKAGE_BUGREPORT ""
| #define HAVE_LIBM 1
| #define STDC_HEADERS 1
| #define HAVE_SYS_TYPES_H 1
| #define HAVE_SYS_STAT_H 1
| #define HAVE_STDLIB_H 1
| #define HAVE_STRING_H 1
| #define HAVE_MEMORY_H 1
| #define HAVE_STRINGS_H 1
| #define HAVE_INTTYPES_H 1
| #define HAVE_STDINT_H 1
| #define HAVE_UNISTD_H 1
| #define HAVE_STDLIB_H 1
| #define HAVE_STRING_H 1
| #define SIZEOF_CHAR 1
| #define SIZEOF_UNSIGNED_CHAR 1
| #define SIZEOF_SHORT 2
| #define SIZEOF_UNSIGNED_SHORT 2
| #define SIZEOF_INT 4
| #define SIZEOF_UNSIGNED_INT 4
| #define SIZEOF_LONG 8
| #define SIZEOF_UNSIGNED_LONG 8
| #define SIZEOF_LONG_LONG 8
| #define SIZEOF_UNSIGNED_LONG_LONG 8
| #define HAVE_VPRINTF 1
| #define HAVE_SQRT 1
| #define HAVE_STRCHR 1
| #define HAVE_STRRCHR 1
| #define HAVE_STRSTR 1
| /* end confdefs.h.  */
| #ifndef __APPLE_CC__
| 	       not a universal capable compiler
| 	     #endif
| 	     typedef int dummy;
| 
configure:9462: gcc -c -g -O2  conftest.c >&5
configure:9469: $? = 0
configure:9501: gcc -c -g -O2  conftest.c >&5
conftest.c: In function 'main':
conftest.c:43:4: error: unknown type name 'not'
    not big endian
    ^
conftest.c:43:12: error: expected '=', ',', ';', 'asm' or '__attribute__' before 'endian'
    not big endian
            ^
configure:9508: $? = 1
configure: failed program was:
| /* confdefs.h.  */
| #define PACKAGE_NAME "sinsy"
| #define PACKAGE_TARNAME "sinsy"
| #define PACKAGE_VERSION "0.90"
| #define PACKAGE_STRING "sinsy 0.90"
| #define PACKAGE_BUGREPORT ""
| #define HAVE_LIBM 1
| #define STDC_HEADERS 1
| #define HAVE_SYS_TYPES_H 1
| #define HAVE_SYS_STAT_H 1
| #define HAVE_STDLIB_H 1
| #define HAVE_STRING_H 1
| #define HAVE_MEMORY_H 1
| #define HAVE_STRINGS_H 1
| #define HAVE_INTTYPES_H 1
| #define HAVE_STDINT_H 1
| #define HAVE_UNISTD_H 1
| #define HAVE_STDLIB_H 1
| #define HAVE_STRING_H 1
| #define SIZEOF_CHAR 1
| #define SIZEOF_UNSIGNED_CHAR 1
| #define SIZEOF_SHORT 2
| #define SIZEOF_UNSIGNED_SHORT 2
| #define SIZEOF_INT 4
| #define SIZEOF_UNSIGNED_INT 4
| #define SIZEOF_LONG 8
| #define SIZEOF_UNSIGNED_LONG 8
| #define SIZEOF_LONG_LONG 8
| #define SIZEOF_UNSIGNED_LONG_LONG 8
| #define HAVE_VPRINTF 1
| #define HAVE_SQRT 1
| #define HAVE_STRCHR 1
| #define HAVE_STRRCHR 1
| #define HAVE_STRSTR 1
| /* end confdefs.h.  */
| #include <sys/types.h>
| 		#include <sys/param.h>
| 
| int
| main ()
| {
| #if BYTE_ORDER != BIG_ENDIAN
| 		 not big endian
| 		#endif
| 
|   ;
|   return 0;
| }
configure:9760: result: no
configure:9800: checking for HTS_engine.h
configure:9802: result: /usr/local/include/HTS_engine.h
configure:9821: error: Cannot find libHTSEngine.a

## ---------------- ##
## Cache variables. ##
## ---------------- ##

ac_cv_build=x86_64-unknown-linux-gnu
ac_cv_c_bigendian=no
ac_cv_c_compiler_gnu=yes
ac_cv_c_const=yes
ac_cv_cxx_compiler_gnu=yes
ac_cv_env_CCC_set=
ac_cv_env_CCC_value=
ac_cv_env_CC_set=
ac_cv_env_CC_value=
ac_cv_env_CFLAGS_set=
ac_cv_env_CFLAGS_value=
ac_cv_env_CPPFLAGS_set=
ac_cv_env_CPPFLAGS_value=
ac_cv_env_CPP_set=
ac_cv_env_CPP_value=
ac_cv_env_CXXFLAGS_set=
ac_cv_env_CXXFLAGS_value=
ac_cv_env_CXX_set=
ac_cv_env_CXX_value=
ac_cv_env_LDFLAGS_set=
ac_cv_env_LDFLAGS_value=
ac_cv_env_LIBS_set=
ac_cv_env_LIBS_value=
ac_cv_env_build_alias_set=
ac_cv_env_build_alias_value=
ac_cv_env_host_alias_set=
ac_cv_env_host_alias_value=
ac_cv_env_target_alias_set=
ac_cv_env_target_alias_value=
ac_cv_func__doprnt=no
ac_cv_func_sqrt=yes
ac_cv_func_strchr=yes
ac_cv_func_strrchr=yes
ac_cv_func_strstr=yes
ac_cv_func_vprintf=yes
ac_cv_header_inttypes_h=yes
ac_cv_header_memory_h=yes
ac_cv_header_stdc=yes
ac_cv_header_stdint_h=yes
ac_cv_header_stdlib_h=yes
ac_cv_header_string_h=yes
ac_cv_header_strings_h=yes
ac_cv_header_sys_stat_h=yes
ac_cv_header_sys_types_h=yes
ac_cv_header_unistd_h=yes
ac_cv_host=x86_64-unknown-linux-gnu
ac_cv_lib_m_log=yes
ac_cv_objext=o
ac_cv_path_EGREP='/usr/bin/grep -E'
ac_cv_path_GREP=/usr/bin/grep
ac_cv_path_install='/usr/bin/install -c'
ac_cv_path_mkdir=/usr/bin/mkdir
ac_cv_prog_AWK=gawk
ac_cv_prog_CPP='gcc -E'
ac_cv_prog_ac_ct_AR=ar
ac_cv_prog_ac_ct_CC=gcc
ac_cv_prog_ac_ct_CXX=g++
ac_cv_prog_ac_ct_RANLIB=ranlib
ac_cv_prog_cc_c89=
ac_cv_prog_cc_g=yes
ac_cv_prog_cc_gcc_c_o=yes
ac_cv_prog_cxx_g=yes
ac_cv_prog_make_make_set=yes
ac_cv_sizeof_char=1
ac_cv_sizeof_int=4
ac_cv_sizeof_long=8
ac_cv_sizeof_long_long=8
ac_cv_sizeof_short=2
ac_cv_sizeof_unsigned_char=1
ac_cv_sizeof_unsigned_int=4
ac_cv_sizeof_unsigned_long=8
ac_cv_sizeof_unsigned_long_long=8
ac_cv_sizeof_unsigned_short=2
ac_cv_type_size_t=yes
am_cv_CC_dependencies_compiler_type=gcc3
am_cv_CXX_dependencies_compiler_type=gcc3

## ----------------- ##
## Output variables. ##
## ----------------- ##

ACLOCAL='${SHELL} /home/thomas/src/sinsy-code-0/src/config/missing --run aclocal-1.10'
AMDEPBACKSLASH='\'
AMDEP_FALSE='#'
AMDEP_TRUE=''
AMTAR='${SHELL} /home/thomas/src/sinsy-code-0/src/config/missing --run tar'
AR='ar'
AUTOCONF='${SHELL} /home/thomas/src/sinsy-code-0/src/config/missing --run autoconf'
AUTOHEADER='${SHELL} /home/thomas/src/sinsy-code-0/src/config/missing --run autoheader'
AUTOMAKE='${SHELL} /home/thomas/src/sinsy-code-0/src/config/missing --run automake-1.10'
AWK='gawk'
CC='gcc'
CCDEPMODE='depmode=gcc3'
CFLAGS='-g -O2'
CPP='gcc -E'
CPPFLAGS=''
CXX='g++'
CXXDEPMODE='depmode=gcc3'
CXXFLAGS='-g -O2'
CYGPATH_W='echo'
DEFS=''
DEPDIR='.deps'
ECHO_C=''
ECHO_N='-n'
ECHO_T=''
EGREP='/usr/bin/grep -E'
EXEEXT=''
GREP='/usr/bin/grep'
HTS_ENGINE_HEADER='/usr/local/include/HTS_engine.h'
HTS_ENGINE_HEADER_DIR='/usr/local/include'
HTS_ENGINE_LIBRARY=''
HTS_ENGINE_LIBRARY_DIR=''
INSTALL_DATA='${INSTALL} -m 644'
INSTALL_PROGRAM='${INSTALL}'
INSTALL_SCRIPT='${INSTALL}'
INSTALL_STRIP_PROGRAM='$(install_sh) -c -s'
LDFLAGS=''
LIBOBJS=''
LIBS='-lm '
LTLIBOBJS=''
MAKEINFO='${SHELL} /home/thomas/src/sinsy-code-0/src/config/missing --run makeinfo'
MKDIR_P='/usr/bin/mkdir -p'
OBJEXT='o'
PACKAGE='sinsy'
PACKAGE_BUGREPORT=''
PACKAGE_NAME='sinsy'
PACKAGE_STRING='sinsy 0.90'
PACKAGE_TARNAME='sinsy'
PACKAGE_VERSION='0.90'
PATH_SEPARATOR=':'
RANLIB='ranlib'
SET_MAKE=''
SHELL='/bin/sh'
STRIP=''
VERSION='0.90'
ac_ct_CC='gcc'
ac_ct_CXX='g++'
am__fastdepCC_FALSE='#'
am__fastdepCC_TRUE=''
am__fastdepCXX_FALSE='#'
am__fastdepCXX_TRUE=''
am__include='include'
am__isrc=''
am__leading_dot='.'
am__quote=''
am__tar='${AMTAR} chof - "$$tardir"'
am__untar='${AMTAR} xf -'
bindir='${exec_prefix}/bin'
build='x86_64-unknown-linux-gnu'
build_alias=''
build_cpu='x86_64'
build_os='linux-gnu'
build_vendor='unknown'
datadir='${datarootdir}'
datarootdir='${prefix}/share'
docdir='${datarootdir}/doc/${PACKAGE_TARNAME}'
dvidir='${docdir}'
exec_prefix='NONE'
host='x86_64-unknown-linux-gnu'
host_alias=''
host_cpu='x86_64'
host_os='linux-gnu'
host_vendor='unknown'
htmldir='${docdir}'
includedir='${prefix}/include'
infodir='${datarootdir}/info'
install_sh='$(SHELL) /home/thomas/src/sinsy-code-0/src/config/install-sh'
libdir='${exec_prefix}/lib64'
libexecdir='${exec_prefix}/lib'
localedir='${datarootdir}/locale'
localstatedir='${prefix}/var'
mandir='${datarootdir}/man'
mkdir_p='/usr/bin/mkdir -p'
oldincludedir='/usr/include'
pdfdir='${docdir}'
prefix='NONE'
program_transform_name='s,x,x,'
psdir='${docdir}'
sbindir='${exec_prefix}/sbin'
sharedstatedir='${prefix}/com'
sysconfdir='${prefix}/etc'
target_alias=''

## ----------- ##
## confdefs.h. ##
## ----------- ##

#define PACKAGE_NAME "sinsy"
#define PACKAGE_TARNAME "sinsy"
#define PACKAGE_VERSION "0.90"
#define PACKAGE_STRING "sinsy 0.90"
#define PACKAGE_BUGREPORT ""
#define HAVE_LIBM 1
#define STDC_HEADERS 1
#define HAVE_SYS_TYPES_H 1
#define HAVE_SYS_STAT_H 1
#define HAVE_STDLIB_H 1
#define HAVE_STRING_H 1
#define HAVE_MEMORY_H 1
#define HAVE_STRINGS_H 1
#define HAVE_INTTYPES_H 1
#define HAVE_STDINT_H 1
#define HAVE_UNISTD_H 1
#define HAVE_STDLIB_H 1
#define HAVE_STRING_H 1
#define SIZEOF_CHAR 1
#define SIZEOF_UNSIGNED_CHAR 1
#define SIZEOF_SHORT 2
#define SIZEOF_UNSIGNED_SHORT 2
#define SIZEOF_INT 4
#define SIZEOF_UNSIGNED_INT 4
#define SIZEOF_LONG 8
#define SIZEOF_UNSIGNED_LONG 8
#define SIZEOF_LONG_LONG 8
#define SIZEOF_UNSIGNED_LONG_LONG 8
#define HAVE_VPRINTF 1
#define HAVE_SQRT 1
#define HAVE_STRCHR 1
#define HAVE_STRRCHR 1
#define HAVE_STRSTR 1

configure: exit 1
